TURNADO i-09a6a8c6c3e45f8fa SSH listening on [ localhost:8822 ]

Starting session with SessionId: edudater-0e97b4ba0952fb118
Port 8822 opened for sessionId edudater-0e97b4ba0952fb118.
Waiting for connections...

Connection accepted for session [edudater-0e97b4ba0952fb118]
TURNADO i-09a6a8c6c3e45f8fa SSH listening on [ localhost:8822 ]

Starting session with SessionId: edudater-0dc7890ddce65ecf4
Port 8822 opened for sessionId edudater-0dc7890ddce65ecf4.
Waiting for connections...

Connection accepted for session [edudater-0dc7890ddce65ecf4]
TURNADO i-09a6a8c6c3e45f8fa SSH listening on [ localhost:8822 ]

Starting session with SessionId: edudater-0e98bce2d9d1bd69a
Port 8822 opened for sessionId edudater-0e98bce2d9d1bd69a.
Waiting for connections...

Connection accepted for session [edudater-0e98bce2d9d1bd69a]


Exiting session with sessionId: edudater-0e98bce2d9d1bd69a.

TURNADO i-09a6a8c6c3e45f8fa SSH listening on [ localhost:8822 ]

Starting session with SessionId: edudater-050d8c5fcd0818a3b
Port 8822 opened for sessionId edudater-050d8c5fcd0818a3b.
Waiting for connections...

Connection accepted for session [edudater-050d8c5fcd0818a3b]
TURNADO i-09a6a8c6c3e45f8fa SSH listening on [ localhost:8822 ]

Starting session with SessionId: edudater-0e4478058b7283f62
Port 8822 opened for sessionId edudater-0e4478058b7283f62.
Waiting for connections...

Connection accepted for session [edudater-0e4478058b7283f62]
